<?xml version="1.0" encoding="UTF-8"?>
<!-- Generated by org.testng.reporters.JUnitReportReporter -->
<testsuite hostname="hp" failures="0" tests="1" name="runner.Runnerclass" time="0.147" errors="0" timestamp="2023-06-30T08:48:09 IST" skipped="0">
  <testcase classname="runner.Runnerclass" name="runScenario" time="0.147"/>
  <system-out/>
</testsuite> <!-- runner.Runnerclass -->
