<?xml version="1.0" encoding="UTF-8"?>
<!-- Generated by org.testng.reporters.JUnitReportReporter -->
<testsuite hostname="hp" failures="0" tests="2" name="runner.SignupRunner" time="0.215" errors="0" timestamp="2023-06-30T09:26:18 IST" skipped="0">
  <testcase classname="runner.SignupRunner" name="runScenario" time="0.169"/>
  <system-out/>
  <testcase classname="runner.SignupRunner" name="runScenario" time="0.046"/>
  <system-out/>
</testsuite> <!-- runner.SignupRunner -->
